<?xml version="1.0" encoding="UTF-8"?>
<!-- Generated by org.testng.reporters.JUnitReportReporter -->
<testsuite hostname="DESKTOP-H3SNJHA" failures="0" tests="1" name="com.symbion.shop.testcases.ProductOrderingPageTest" time="55.271" errors="0" timestamp="2021-04-23T18:26:10 IST" skipped="0">
  <testcase classname="com.symbion.shop.testcases.ProductOrderingPageTest" name="OrderingSelection" time="55.271"/>
  <system-out/>
</testsuite> <!-- com.symbion.shop.testcases.ProductOrderingPageTest -->
