<?xml version="1.0" encoding="UTF-8"?>
<!-- Generated by org.testng.reporters.JUnitReportReporter -->
<testsuite hostname="DESKTOP-H3SNJHA" failures="0" tests="1" name="com.symbion.shop.testcases.orderStatusTest" time="123.205" errors="0" timestamp="2021-04-23T19:04:19 IST" skipped="0">
  <testcase classname="com.symbion.shop.testcases.orderStatusTest" name="orderStatusConfirmation" time="123.205"/>
  <system-out/>
</testsuite> <!-- com.symbion.shop.testcases.orderStatusTest -->
