<?xml version="1.0" encoding="UTF-8"?>
<!-- Generated by org.testng.reporters.JUnitReportReporter -->
<testsuite hostname="DESKTOP-H3SNJHA" failures="0" tests="1" name="com.symbion.shop.testcases.AddingProductsToCartTest" time="87.170" errors="0" timestamp="2021-04-23T19:01:29 IST" skipped="0">
  <testcase classname="com.symbion.shop.testcases.AddingProductsToCartTest" name="addProducts" time="87.170"/>
  <system-out/>
</testsuite> <!-- com.symbion.shop.testcases.AddingProductsToCartTest -->
